1765908722.105359 client started (26358): version 3.6a, socket /tmp/tmux-1000/default, protocol 8
1765908722.105375 on Linux 6.17.9-arch1-1 #1 SMP PREEMPT_DYNAMIC Mon, 24 Nov 2025 15:21:09 +0000
1765908722.105378 using libevent 2.1.12-stable poll
1765908722.105379 using ncurses 6.5 20240427
1765908722.105392 flags are 0x10010000
1765908722.105398 socket is /tmp/tmux-1000/default
1765908722.105405 trying connect
1765908722.105424 add peer 0x55cfaa3b9b00: 6 ((nil))
1765908722.105617 sending message 111 to peer 0x55cfaa3b9b00 (8 bytes)
1765908722.105621 sending message 111 to peer 0x55cfaa3b9b00 (8 bytes)
1765908722.105623 sending message 101 to peer 0x55cfaa3b9b00 (14 bytes)
1765908722.105625 sending message 109 to peer 0x55cfaa3b9b00 (4 bytes)
1765908722.105626 sending message 102 to peer 0x55cfaa3b9b00 (11 bytes)
1765908722.105628 sending message 108 to peer 0x55cfaa3b9b00 (25 bytes)
1765908722.105629 sending message 112 to peer 0x55cfaa3b9b00 (70 bytes)
1765908722.105631 sending message 112 to peer 0x55cfaa3b9b00 (5 bytes)
1765908722.105633 sending message 112 to peer 0x55cfaa3b9b00 (5 bytes)
1765908722.105634 sending message 112 to peer 0x55cfaa3b9b00 (6 bytes)
1765908722.105636 sending message 112 to peer 0x55cfaa3b9b00 (6 bytes)
1765908722.105637 sending message 112 to peer 0x55cfaa3b9b00 (11 bytes)
1765908722.105639 sending message 112 to peer 0x55cfaa3b9b00 (10 bytes)
1765908722.105640 sending message 112 to peer 0x55cfaa3b9b00 (13 bytes)
1765908722.105642 sending message 112 to peer 0x55cfaa3b9b00 (13 bytes)
1765908722.105643 sending message 112 to peer 0x55cfaa3b9b00 (18 bytes)
1765908722.105645 sending message 112 to peer 0x55cfaa3b9b00 (11 bytes)
1765908722.105646 sending message 112 to peer 0x55cfaa3b9b00 (10 bytes)
1765908722.105648 sending message 112 to peer 0x55cfaa3b9b00 (15 bytes)
1765908722.105649 sending message 112 to peer 0x55cfaa3b9b00 (21 bytes)
1765908722.105651 sending message 112 to peer 0x55cfaa3b9b00 (13 bytes)
1765908722.105653 sending message 112 to peer 0x55cfaa3b9b00 (7 bytes)
1765908722.105654 sending message 112 to peer 0x55cfaa3b9b00 (13 bytes)
1765908722.105656 sending message 112 to peer 0x55cfaa3b9b00 (7 bytes)
1765908722.105657 sending message 112 to peer 0x55cfaa3b9b00 (13 bytes)
1765908722.105659 sending message 112 to peer 0x55cfaa3b9b00 (9 bytes)
1765908722.105660 sending message 112 to peer 0x55cfaa3b9b00 (21 bytes)
1765908722.105662 sending message 112 to peer 0x55cfaa3b9b00 (13 bytes)
1765908722.105663 sending message 112 to peer 0x55cfaa3b9b00 (8 bytes)
1765908722.105665 sending message 112 to peer 0x55cfaa3b9b00 (12 bytes)
1765908722.105666 sending message 112 to peer 0x55cfaa3b9b00 (13 bytes)
1765908722.105668 sending message 112 to peer 0x55cfaa3b9b00 (9 bytes)
1765908722.105669 sending message 112 to peer 0x55cfaa3b9b00 (9 bytes)
1765908722.105671 sending message 112 to peer 0x55cfaa3b9b00 (12 bytes)
1765908722.105672 sending message 112 to peer 0x55cfaa3b9b00 (8 bytes)
1765908722.105674 sending message 112 to peer 0x55cfaa3b9b00 (8 bytes)
1765908722.105675 sending message 112 to peer 0x55cfaa3b9b00 (7 bytes)
1765908722.105677 sending message 112 to peer 0x55cfaa3b9b00 (7 bytes)
1765908722.105678 sending message 112 to peer 0x55cfaa3b9b00 (9 bytes)
1765908722.105680 sending message 112 to peer 0x55cfaa3b9b00 (13 bytes)
1765908722.105681 sending message 112 to peer 0x55cfaa3b9b00 (6 bytes)
1765908722.105683 sending message 112 to peer 0x55cfaa3b9b00 (9 bytes)
1765908722.105684 sending message 112 to peer 0x55cfaa3b9b00 (15 bytes)
1765908722.105686 sending message 112 to peer 0x55cfaa3b9b00 (13 bytes)
1765908722.105687 sending message 112 to peer 0x55cfaa3b9b00 (12 bytes)
1765908722.105689 sending message 112 to peer 0x55cfaa3b9b00 (8 bytes)
1765908722.105690 sending message 112 to peer 0x55cfaa3b9b00 (14 bytes)
1765908722.105692 sending message 112 to peer 0x55cfaa3b9b00 (11 bytes)
1765908722.105693 sending message 112 to peer 0x55cfaa3b9b00 (9 bytes)
1765908722.105695 sending message 112 to peer 0x55cfaa3b9b00 (10 bytes)
1765908722.105697 sending message 112 to peer 0x55cfaa3b9b00 (10 bytes)
1765908722.105702 sending message 112 to peer 0x55cfaa3b9b00 (10 bytes)
1765908722.105704 sending message 112 to peer 0x55cfaa3b9b00 (10 bytes)
1765908722.105705 sending message 112 to peer 0x55cfaa3b9b00 (11 bytes)
1765908722.105707 sending message 112 to peer 0x55cfaa3b9b00 (12 bytes)
1765908722.105708 sending message 112 to peer 0x55cfaa3b9b00 (12 bytes)
1765908722.105710 sending message 112 to peer 0x55cfaa3b9b00 (12 bytes)
1765908722.105711 sending message 112 to peer 0x55cfaa3b9b00 (12 bytes)
1765908722.105713 sending message 112 to peer 0x55cfaa3b9b00 (12 bytes)
1765908722.105714 sending message 112 to peer 0x55cfaa3b9b00 (11 bytes)
1765908722.105716 sending message 112 to peer 0x55cfaa3b9b00 (11 bytes)
1765908722.105717 sending message 112 to peer 0x55cfaa3b9b00 (12 bytes)
1765908722.105719 sending message 112 to peer 0x55cfaa3b9b00 (12 bytes)
1765908722.105720 sending message 112 to peer 0x55cfaa3b9b00 (12 bytes)
1765908722.105722 sending message 112 to peer 0x55cfaa3b9b00 (12 bytes)
1765908722.105723 sending message 112 to peer 0x55cfaa3b9b00 (12 bytes)
1765908722.105725 sending message 112 to peer 0x55cfaa3b9b00 (10 bytes)
1765908722.105727 sending message 112 to peer 0x55cfaa3b9b00 (12 bytes)
1765908722.105728 sending message 112 to peer 0x55cfaa3b9b00 (13 bytes)
1765908722.105730 sending message 112 to peer 0x55cfaa3b9b00 (13 bytes)
1765908722.105731 sending message 112 to peer 0x55cfaa3b9b00 (13 bytes)
1765908722.105733 sending message 112 to peer 0x55cfaa3b9b00 (13 bytes)
1765908722.105734 sending message 112 to peer 0x55cfaa3b9b00 (13 bytes)
1765908722.105736 sending message 112 to peer 0x55cfaa3b9b00 (8 bytes)
1765908722.105738 sending message 112 to peer 0x55cfaa3b9b00 (11 bytes)
1765908722.105739 sending message 112 to peer 0x55cfaa3b9b00 (11 bytes)
1765908722.105741 sending message 112 to peer 0x55cfaa3b9b00 (11 bytes)
1765908722.105742 sending message 112 to peer 0x55cfaa3b9b00 (12 bytes)
1765908722.105744 sending message 112 to peer 0x55cfaa3b9b00 (12 bytes)
1765908722.105745 sending message 112 to peer 0x55cfaa3b9b00 (12 bytes)
1765908722.105747 sending message 112 to peer 0x55cfaa3b9b00 (12 bytes)
1765908722.105748 sending message 112 to peer 0x55cfaa3b9b00 (13 bytes)
1765908722.105750 sending message 112 to peer 0x55cfaa3b9b00 (13 bytes)
1765908722.105752 sending message 112 to peer 0x55cfaa3b9b00 (13 bytes)
1765908722.105753 sending message 112 to peer 0x55cfaa3b9b00 (8 bytes)
1765908722.105755 sending message 112 to peer 0x55cfaa3b9b00 (13 bytes)
1765908722.105756 sending message 112 to peer 0x55cfaa3b9b00 (13 bytes)
1765908722.105758 sending message 112 to peer 0x55cfaa3b9b00 (13 bytes)
1765908722.105759 sending message 112 to peer 0x55cfaa3b9b00 (13 bytes)
1765908722.105761 sending message 112 to peer 0x55cfaa3b9b00 (13 bytes)
1765908722.105762 sending message 112 to peer 0x55cfaa3b9b00 (12 bytes)
1765908722.105764 sending message 112 to peer 0x55cfaa3b9b00 (12 bytes)
1765908722.105765 sending message 112 to peer 0x55cfaa3b9b00 (12 bytes)
1765908722.105767 sending message 112 to peer 0x55cfaa3b9b00 (12 bytes)
1765908722.105769 sending message 112 to peer 0x55cfaa3b9b00 (13 bytes)
1765908722.105770 sending message 112 to peer 0x55cfaa3b9b00 (8 bytes)
1765908722.105772 sending message 112 to peer 0x55cfaa3b9b00 (13 bytes)
1765908722.105773 sending message 112 to peer 0x55cfaa3b9b00 (13 bytes)
1765908722.105775 sending message 112 to peer 0x55cfaa3b9b00 (13 bytes)
1765908722.105776 sending message 112 to peer 0x55cfaa3b9b00 (13 bytes)
1765908722.105778 sending message 112 to peer 0x55cfaa3b9b00 (13 bytes)
1765908722.105780 sending message 112 to peer 0x55cfaa3b9b00 (13 bytes)
1765908722.105781 sending message 112 to peer 0x55cfaa3b9b00 (13 bytes)
1765908722.105783 sending message 112 to peer 0x55cfaa3b9b00 (12 bytes)
1765908722.105784 sending message 112 to peer 0x55cfaa3b9b00 (12 bytes)
1765908722.105786 sending message 112 to peer 0x55cfaa3b9b00 (12 bytes)
1765908722.105787 sending message 112 to peer 0x55cfaa3b9b00 (8 bytes)
1765908722.105789 sending message 112 to peer 0x55cfaa3b9b00 (12 bytes)
1765908722.105792 sending message 112 to peer 0x55cfaa3b9b00 (13 bytes)
1765908722.105794 sending message 112 to peer 0x55cfaa3b9b00 (13 bytes)
1765908722.105795 sending message 112 to peer 0x55cfaa3b9b00 (13 bytes)
1765908722.105797 sending message 112 to peer 0x55cfaa3b9b00 (13 bytes)
1765908722.105798 sending message 112 to peer 0x55cfaa3b9b00 (13 bytes)
1765908722.105800 sending message 112 to peer 0x55cfaa3b9b00 (13 bytes)
1765908722.105801 sending message 112 to peer 0x55cfaa3b9b00 (13 bytes)
1765908722.105803 sending message 112 to peer 0x55cfaa3b9b00 (13 bytes)
1765908722.105805 sending message 112 to peer 0x55cfaa3b9b00 (12 bytes)
1765908722.105806 sending message 112 to peer 0x55cfaa3b9b00 (10 bytes)
1765908722.105808 sending message 112 to peer 0x55cfaa3b9b00 (12 bytes)
1765908722.105809 sending message 112 to peer 0x55cfaa3b9b00 (12 bytes)
1765908722.105811 sending message 112 to peer 0x55cfaa3b9b00 (12 bytes)
1765908722.105812 sending message 112 to peer 0x55cfaa3b9b00 (13 bytes)
1765908722.105814 sending message 112 to peer 0x55cfaa3b9b00 (13 bytes)
1765908722.105815 sending message 112 to peer 0x55cfaa3b9b00 (13 bytes)
1765908722.105817 sending message 112 to peer 0x55cfaa3b9b00 (13 bytes)
1765908722.105818 sending message 112 to peer 0x55cfaa3b9b00 (13 bytes)
1765908722.105820 sending message 112 to peer 0x55cfaa3b9b00 (13 bytes)
1765908722.105821 sending message 112 to peer 0x55cfaa3b9b00 (13 bytes)
1765908722.105823 sending message 112 to peer 0x55cfaa3b9b00 (10 bytes)
1765908722.105824 sending message 112 to peer 0x55cfaa3b9b00 (13 bytes)
1765908722.105826 sending message 112 to peer 0x55cfaa3b9b00 (12 bytes)
1765908722.105827 sending message 112 to peer 0x55cfaa3b9b00 (12 bytes)
1765908722.105829 sending message 112 to peer 0x55cfaa3b9b00 (12 bytes)
1765908722.105830 sending message 112 to peer 0x55cfaa3b9b00 (10 bytes)
1765908722.105832 sending message 112 to peer 0x55cfaa3b9b00 (10 bytes)
1765908722.105833 sending message 112 to peer 0x55cfaa3b9b00 (10 bytes)
1765908722.105835 sending message 112 to peer 0x55cfaa3b9b00 (12 bytes)
1765908722.105836 sending message 112 to peer 0x55cfaa3b9b00 (13 bytes)
1765908722.105838 sending message 112 to peer 0x55cfaa3b9b00 (13 bytes)
1765908722.105840 sending message 112 to peer 0x55cfaa3b9b00 (13 bytes)
1765908722.105841 sending message 112 to peer 0x55cfaa3b9b00 (13 bytes)
1765908722.105843 sending message 112 to peer 0x55cfaa3b9b00 (13 bytes)
1765908722.105844 sending message 112 to peer 0x55cfaa3b9b00 (11 bytes)
1765908722.105846 sending message 112 to peer 0x55cfaa3b9b00 (11 bytes)
1765908722.105847 sending message 112 to peer 0x55cfaa3b9b00 (12 bytes)
1765908722.105849 sending message 112 to peer 0x55cfaa3b9b00 (12 bytes)
1765908722.105850 sending message 112 to peer 0x55cfaa3b9b00 (12 bytes)
1765908722.105852 sending message 112 to peer 0x55cfaa3b9b00 (12 bytes)
1765908722.105853 sending message 112 to peer 0x55cfaa3b9b00 (12 bytes)
1765908722.105855 sending message 112 to peer 0x55cfaa3b9b00 (11 bytes)
1765908722.105856 sending message 112 to peer 0x55cfaa3b9b00 (12 bytes)
1765908722.105858 sending message 112 to peer 0x55cfaa3b9b00 (12 bytes)
1765908722.105859 sending message 112 to peer 0x55cfaa3b9b00 (13 bytes)
1765908722.105861 sending message 112 to peer 0x55cfaa3b9b00 (13 bytes)
1765908722.105862 sending message 112 to peer 0x55cfaa3b9b00 (13 bytes)
1765908722.105864 sending message 112 to peer 0x55cfaa3b9b00 (13 bytes)
1765908722.105865 sending message 112 to peer 0x55cfaa3b9b00 (13 bytes)
1765908722.105867 sending message 112 to peer 0x55cfaa3b9b00 (10 bytes)
1765908722.105868 sending message 112 to peer 0x55cfaa3b9b00 (9 bytes)
1765908722.105870 sending message 112 to peer 0x55cfaa3b9b00 (12 bytes)
1765908722.105872 sending message 112 to peer 0x55cfaa3b9b00 (13 bytes)
1765908722.105873 sending message 112 to peer 0x55cfaa3b9b00 (13 bytes)
1765908722.105875 sending message 112 to peer 0x55cfaa3b9b00 (13 bytes)
1765908722.105876 sending message 112 to peer 0x55cfaa3b9b00 (13 bytes)
1765908722.105878 sending message 112 to peer 0x55cfaa3b9b00 (13 bytes)
1765908722.105881 sending message 112 to peer 0x55cfaa3b9b00 (9 bytes)
1765908722.105882 sending message 112 to peer 0x55cfaa3b9b00 (12 bytes)
1765908722.105884 sending message 112 to peer 0x55cfaa3b9b00 (13 bytes)
1765908722.105885 sending message 112 to peer 0x55cfaa3b9b00 (13 bytes)
1765908722.105887 sending message 112 to peer 0x55cfaa3b9b00 (13 bytes)
1765908722.105888 sending message 112 to peer 0x55cfaa3b9b00 (13 bytes)
1765908722.105890 sending message 112 to peer 0x55cfaa3b9b00 (13 bytes)
1765908722.105891 sending message 112 to peer 0x55cfaa3b9b00 (11 bytes)
1765908722.105893 sending message 112 to peer 0x55cfaa3b9b00 (12 bytes)
1765908722.105894 sending message 112 to peer 0x55cfaa3b9b00 (13 bytes)
1765908722.105896 sending message 112 to peer 0x55cfaa3b9b00 (13 bytes)
1765908722.105897 sending message 112 to peer 0x55cfaa3b9b00 (13 bytes)
1765908722.105899 sending message 112 to peer 0x55cfaa3b9b00 (13 bytes)
1765908722.105900 sending message 112 to peer 0x55cfaa3b9b00 (13 bytes)
1765908722.105902 sending message 112 to peer 0x55cfaa3b9b00 (11 bytes)
1765908722.105904 sending message 112 to peer 0x55cfaa3b9b00 (12 bytes)
1765908722.105905 sending message 112 to peer 0x55cfaa3b9b00 (12 bytes)
1765908722.105907 sending message 112 to peer 0x55cfaa3b9b00 (12 bytes)
1765908722.105908 sending message 112 to peer 0x55cfaa3b9b00 (12 bytes)
1765908722.105910 sending message 112 to peer 0x55cfaa3b9b00 (12 bytes)
1765908722.105911 sending message 112 to peer 0x55cfaa3b9b00 (21 bytes)
1765908722.105913 sending message 112 to peer 0x55cfaa3b9b00 (12 bytes)
1765908722.105914 sending message 112 to peer 0x55cfaa3b9b00 (9 bytes)
1765908722.105916 sending message 112 to peer 0x55cfaa3b9b00 (6 bytes)
1765908722.105917 sending message 112 to peer 0x55cfaa3b9b00 (13 bytes)
1765908722.105919 sending message 112 to peer 0x55cfaa3b9b00 (8 bytes)
1765908722.105920 sending message 112 to peer 0x55cfaa3b9b00 (15 bytes)
1765908722.105922 sending message 112 to peer 0x55cfaa3b9b00 (13 bytes)
1765908722.105924 sending message 112 to peer 0x55cfaa3b9b00 (9 bytes)
1765908722.105925 sending message 112 to peer 0x55cfaa3b9b00 (70 bytes)
1765908722.105927 sending message 112 to peer 0x55cfaa3b9b00 (69 bytes)
1765908722.105928 sending message 112 to peer 0x55cfaa3b9b00 (10 bytes)
1765908722.105930 sending message 112 to peer 0x55cfaa3b9b00 (10 bytes)
1765908722.105931 sending message 112 to peer 0x55cfaa3b9b00 (8 bytes)
1765908722.105933 sending message 112 to peer 0x55cfaa3b9b00 (15 bytes)
1765908722.105935 sending message 112 to peer 0x55cfaa3b9b00 (13 bytes)
1765908722.105936 sending message 112 to peer 0x55cfaa3b9b00 (10 bytes)
1765908722.105938 sending message 112 to peer 0x55cfaa3b9b00 (10 bytes)
1765908722.105939 sending message 112 to peer 0x55cfaa3b9b00 (17 bytes)
1765908722.105941 sending message 112 to peer 0x55cfaa3b9b00 (10 bytes)
1765908722.105942 sending message 112 to peer 0x55cfaa3b9b00 (13 bytes)
1765908722.105944 sending message 112 to peer 0x55cfaa3b9b00 (9 bytes)
1765908722.105945 sending message 112 to peer 0x55cfaa3b9b00 (5 bytes)
1765908722.105947 sending message 112 to peer 0x55cfaa3b9b00 (15 bytes)
1765908722.105949 sending message 104 to peer 0x55cfaa3b9b00 (0 bytes)
1765908722.105951 sending message 110 to peer 0x55cfaa3b9b00 (0 bytes)
1765908722.105953 sending message 107 to peer 0x55cfaa3b9b00 (4 bytes)
1765908722.105955 sending message 105 to peer 0x55cfaa3b9b00 (8 bytes)
1765908722.105956 sending message 105 to peer 0x55cfaa3b9b00 (50 bytes)
1765908722.105958 sending message 105 to peer 0x55cfaa3b9b00 (296 bytes)
1765908722.105960 sending message 105 to peer 0x55cfaa3b9b00 (86 bytes)
1765908722.105961 sending message 105 to peer 0x55cfaa3b9b00 (11 bytes)
1765908722.105963 sending message 105 to peer 0x55cfaa3b9b00 (20 bytes)
1765908722.105965 sending message 105 to peer 0x55cfaa3b9b00 (28 bytes)
1765908722.105966 sending message 105 to peer 0x55cfaa3b9b00 (20 bytes)
1765908722.105968 sending message 105 to peer 0x55cfaa3b9b00 (31 bytes)
1765908722.105969 sending message 105 to peer 0x55cfaa3b9b00 (36 bytes)
1765908722.105972 sending message 105 to peer 0x55cfaa3b9b00 (20 bytes)
1765908722.105974 sending message 105 to peer 0x55cfaa3b9b00 (22 bytes)
1765908722.105975 sending message 105 to peer 0x55cfaa3b9b00 (30 bytes)
1765908722.105977 sending message 105 to peer 0x55cfaa3b9b00 (27 bytes)
1765908722.105978 sending message 105 to peer 0x55cfaa3b9b00 (57 bytes)
1765908722.105980 sending message 105 to peer 0x55cfaa3b9b00 (22 bytes)
1765908722.105982 sending message 105 to peer 0x55cfaa3b9b00 (12 bytes)
1765908722.105983 sending message 105 to peer 0x55cfaa3b9b00 (23 bytes)
1765908722.105985 sending message 105 to peer 0x55cfaa3b9b00 (27 bytes)
1765908722.105986 sending message 105 to peer 0x55cfaa3b9b00 (28 bytes)
1765908722.105988 sending message 105 to peer 0x55cfaa3b9b00 (22 bytes)
1765908722.105989 sending message 105 to peer 0x55cfaa3b9b00 (38 bytes)
1765908722.105991 sending message 105 to peer 0x55cfaa3b9b00 (21 bytes)
1765908722.105993 sending message 105 to peer 0x55cfaa3b9b00 (17 bytes)
1765908722.105994 sending message 105 to peer 0x55cfaa3b9b00 (139 bytes)
1765908722.105996 sending message 105 to peer 0x55cfaa3b9b00 (39 bytes)
1765908722.105997 sending message 105 to peer 0x55cfaa3b9b00 (26 bytes)
1765908722.105999 sending message 105 to peer 0x55cfaa3b9b00 (20 bytes)
1765908722.106001 sending message 105 to peer 0x55cfaa3b9b00 (16 bytes)
1765908722.106002 sending message 105 to peer 0x55cfaa3b9b00 (51 bytes)
1765908722.106004 sending message 105 to peer 0x55cfaa3b9b00 (13 bytes)
1765908722.106005 sending message 105 to peer 0x55cfaa3b9b00 (59 bytes)
1765908722.106007 sending message 105 to peer 0x55cfaa3b9b00 (24 bytes)
1765908722.106008 sending message 105 to peer 0x55cfaa3b9b00 (24 bytes)
1765908722.106010 sending message 105 to peer 0x55cfaa3b9b00 (19 bytes)
1765908722.106011 sending message 105 to peer 0x55cfaa3b9b00 (11 bytes)
1765908722.106013 sending message 105 to peer 0x55cfaa3b9b00 (23 bytes)
1765908722.106015 sending message 105 to peer 0x55cfaa3b9b00 (20 bytes)
1765908722.106016 sending message 105 to peer 0x55cfaa3b9b00 (23 bytes)
1765908722.106018 sending message 105 to peer 0x55cfaa3b9b00 (25 bytes)
1765908722.106019 sending message 105 to peer 0x55cfaa3b9b00 (73 bytes)
1765908722.106021 sending message 105 to peer 0x55cfaa3b9b00 (23 bytes)
1765908722.106022 sending message 105 to peer 0x55cfaa3b9b00 (86 bytes)
1765908722.106024 sending message 105 to peer 0x55cfaa3b9b00 (16 bytes)
1765908722.106026 sending message 105 to peer 0x55cfaa3b9b00 (43 bytes)
1765908722.106027 sending message 105 to peer 0x55cfaa3b9b00 (52 bytes)
1765908722.106029 sending message 105 to peer 0x55cfaa3b9b00 (20 bytes)
1765908722.106030 sending message 105 to peer 0x55cfaa3b9b00 (15 bytes)
1765908722.106032 sending message 105 to peer 0x55cfaa3b9b00 (17 bytes)
1765908722.106033 sending message 105 to peer 0x55cfaa3b9b00 (21 bytes)
1765908722.106035 sending message 105 to peer 0x55cfaa3b9b00 (39 bytes)
1765908722.106037 sending message 105 to peer 0x55cfaa3b9b00 (47 bytes)
1765908722.106038 sending message 105 to peer 0x55cfaa3b9b00 (18 bytes)
1765908722.106040 sending message 105 to peer 0x55cfaa3b9b00 (50 bytes)
1765908722.106041 sending message 105 to peer 0x55cfaa3b9b00 (15 bytes)
1765908722.106043 sending message 105 to peer 0x55cfaa3b9b00 (29 bytes)
1765908722.106044 sending message 105 to peer 0x55cfaa3b9b00 (14 bytes)
1765908722.106046 sending message 105 to peer 0x55cfaa3b9b00 (24 bytes)
1765908722.106047 sending message 105 to peer 0x55cfaa3b9b00 (23 bytes)
1765908722.106049 sending message 105 to peer 0x55cfaa3b9b00 (35 bytes)
1765908722.106051 sending message 105 to peer 0x55cfaa3b9b00 (120 bytes)
1765908722.106052 sending message 105 to peer 0x55cfaa3b9b00 (22 bytes)
1765908722.106054 sending message 105 to peer 0x55cfaa3b9b00 (26 bytes)
1765908722.106055 sending message 105 to peer 0x55cfaa3b9b00 (23 bytes)
1765908722.106057 sending message 105 to peer 0x55cfaa3b9b00 (24 bytes)
1765908722.106058 sending message 105 to peer 0x55cfaa3b9b00 (11 bytes)
1765908722.106060 sending message 105 to peer 0x55cfaa3b9b00 (30 bytes)
1765908722.106063 sending message 105 to peer 0x55cfaa3b9b00 (54 bytes)
1765908722.106064 sending message 105 to peer 0x55cfaa3b9b00 (17 bytes)
1765908722.106066 sending message 105 to peer 0x55cfaa3b9b00 (63 bytes)
1765908722.106067 sending message 105 to peer 0x55cfaa3b9b00 (24 bytes)
1765908722.106069 sending message 105 to peer 0x55cfaa3b9b00 (25 bytes)
1765908722.106070 sending message 105 to peer 0x55cfaa3b9b00 (58 bytes)
1765908722.106072 sending message 106 to peer 0x55cfaa3b9b00 (0 bytes)
1765908722.106111 sending message 200 to peer 0x55cfaa3b9b00 (4 bytes)
1765908722.106113 client loop enter
1765908722.106317 peer 0x55cfaa3b9b00 message 303
1765908722.106323 open write file 2 -
1765908722.106333 sending message 305 to peer 0x55cfaa3b9b00 (8 bytes)
1765908722.106337 write check file 2
1765908722.106437 peer 0x55cfaa3b9b00 message 304
1765908722.106441 write 58 to file 2
1765908722.106453 peer 0x55cfaa3b9b00 message 203
1765908722.106455 file 2 58 bytes left
1765908722.106463 write check file 2
1765908722.106465 client loop exit
