1765908736.347562 client started (26599): version 3.6a, socket /tmp/tmux-1000/default, protocol 8
1765908736.347609 on Linux 6.17.9-arch1-1 #1 SMP PREEMPT_DYNAMIC Mon, 24 Nov 2025 15:21:09 +0000
1765908736.347625 using libevent 2.1.12-stable poll
1765908736.347631 using ncurses 6.5 20240427
1765908736.347676 flags are 0x18010000
1765908736.347696 socket is /tmp/tmux-1000/default
1765908736.347713 trying connect
1765908736.347737 connect failed: Connection refused
1765908736.347752 lock file is /tmp/tmux-1000/default.lock
1765908736.347781 flock succeeded
1765908736.347786 got lock (6)
1765908736.347796 trying connect
1765908736.347809 connect failed: Connection refused
1765908736.348173 add peer 0x55cc6f78da70: 7 ((nil))
1765908736.348969 sending message 111 to peer 0x55cc6f78da70 (8 bytes)
1765908736.348983 sending message 111 to peer 0x55cc6f78da70 (8 bytes)
1765908736.348988 sending message 101 to peer 0x55cc6f78da70 (10 bytes)
1765908736.348992 sending message 109 to peer 0x55cc6f78da70 (4 bytes)
1765908736.348996 sending message 102 to peer 0x55cc6f78da70 (11 bytes)
1765908736.349000 sending message 108 to peer 0x55cc6f78da70 (25 bytes)
1765908736.349004 sending message 112 to peer 0x55cc6f78da70 (58 bytes)
1765908736.349009 sending message 112 to peer 0x55cc6f78da70 (5 bytes)
1765908736.349013 sending message 112 to peer 0x55cc6f78da70 (5 bytes)
1765908736.349017 sending message 112 to peer 0x55cc6f78da70 (6 bytes)
1765908736.349020 sending message 112 to peer 0x55cc6f78da70 (6 bytes)
1765908736.349024 sending message 112 to peer 0x55cc6f78da70 (11 bytes)
1765908736.349028 sending message 112 to peer 0x55cc6f78da70 (10 bytes)
1765908736.349032 sending message 112 to peer 0x55cc6f78da70 (13 bytes)
1765908736.349036 sending message 112 to peer 0x55cc6f78da70 (14 bytes)
1765908736.349040 sending message 112 to peer 0x55cc6f78da70 (19 bytes)
1765908736.349043 sending message 112 to peer 0x55cc6f78da70 (11 bytes)
1765908736.349048 sending message 112 to peer 0x55cc6f78da70 (10 bytes)
1765908736.349052 sending message 112 to peer 0x55cc6f78da70 (15 bytes)
1765908736.349055 sending message 112 to peer 0x55cc6f78da70 (21 bytes)
1765908736.349059 sending message 112 to peer 0x55cc6f78da70 (13 bytes)
1765908736.349063 sending message 112 to peer 0x55cc6f78da70 (7 bytes)
1765908736.349067 sending message 112 to peer 0x55cc6f78da70 (13 bytes)
1765908736.349071 sending message 112 to peer 0x55cc6f78da70 (7 bytes)
1765908736.349075 sending message 112 to peer 0x55cc6f78da70 (13 bytes)
1765908736.349079 sending message 112 to peer 0x55cc6f78da70 (9 bytes)
1765908736.349082 sending message 112 to peer 0x55cc6f78da70 (21 bytes)
1765908736.349086 sending message 112 to peer 0x55cc6f78da70 (13 bytes)
1765908736.349090 sending message 112 to peer 0x55cc6f78da70 (9 bytes)
1765908736.349094 sending message 112 to peer 0x55cc6f78da70 (16 bytes)
1765908736.349098 sending message 112 to peer 0x55cc6f78da70 (13 bytes)
1765908736.349102 sending message 112 to peer 0x55cc6f78da70 (9 bytes)
1765908736.349105 sending message 112 to peer 0x55cc6f78da70 (9 bytes)
1765908736.349109 sending message 112 to peer 0x55cc6f78da70 (12 bytes)
1765908736.349113 sending message 112 to peer 0x55cc6f78da70 (8 bytes)
1765908736.349117 sending message 112 to peer 0x55cc6f78da70 (8 bytes)
1765908736.349121 sending message 112 to peer 0x55cc6f78da70 (13 bytes)
1765908736.349125 sending message 112 to peer 0x55cc6f78da70 (7 bytes)
1765908736.349128 sending message 112 to peer 0x55cc6f78da70 (7 bytes)
1765908736.349132 sending message 112 to peer 0x55cc6f78da70 (9 bytes)
1765908736.349149 sending message 112 to peer 0x55cc6f78da70 (6 bytes)
1765908736.349153 sending message 112 to peer 0x55cc6f78da70 (9 bytes)
1765908736.349157 sending message 112 to peer 0x55cc6f78da70 (15 bytes)
1765908736.349161 sending message 112 to peer 0x55cc6f78da70 (13 bytes)
1765908736.349164 sending message 112 to peer 0x55cc6f78da70 (12 bytes)
1765908736.349168 sending message 112 to peer 0x55cc6f78da70 (8 bytes)
1765908736.349172 sending message 112 to peer 0x55cc6f78da70 (14 bytes)
1765908736.349176 sending message 112 to peer 0x55cc6f78da70 (11 bytes)
1765908736.349188 sending message 112 to peer 0x55cc6f78da70 (9 bytes)
1765908736.349193 sending message 112 to peer 0x55cc6f78da70 (10 bytes)
1765908736.349197 sending message 112 to peer 0x55cc6f78da70 (10 bytes)
1765908736.349201 sending message 112 to peer 0x55cc6f78da70 (10 bytes)
1765908736.349205 sending message 112 to peer 0x55cc6f78da70 (10 bytes)
1765908736.349208 sending message 112 to peer 0x55cc6f78da70 (11 bytes)
1765908736.349212 sending message 112 to peer 0x55cc6f78da70 (12 bytes)
1765908736.349216 sending message 112 to peer 0x55cc6f78da70 (12 bytes)
1765908736.349220 sending message 112 to peer 0x55cc6f78da70 (12 bytes)
1765908736.349224 sending message 112 to peer 0x55cc6f78da70 (12 bytes)
1765908736.349228 sending message 112 to peer 0x55cc6f78da70 (12 bytes)
1765908736.349232 sending message 112 to peer 0x55cc6f78da70 (11 bytes)
1765908736.349235 sending message 112 to peer 0x55cc6f78da70 (11 bytes)
1765908736.349239 sending message 112 to peer 0x55cc6f78da70 (12 bytes)
1765908736.349243 sending message 112 to peer 0x55cc6f78da70 (12 bytes)
1765908736.349247 sending message 112 to peer 0x55cc6f78da70 (12 bytes)
1765908736.349251 sending message 112 to peer 0x55cc6f78da70 (12 bytes)
1765908736.349255 sending message 112 to peer 0x55cc6f78da70 (12 bytes)
1765908736.349259 sending message 112 to peer 0x55cc6f78da70 (9 bytes)
1765908736.349263 sending message 112 to peer 0x55cc6f78da70 (12 bytes)
1765908736.349267 sending message 112 to peer 0x55cc6f78da70 (13 bytes)
1765908736.349271 sending message 112 to peer 0x55cc6f78da70 (13 bytes)
1765908736.349275 sending message 112 to peer 0x55cc6f78da70 (13 bytes)
1765908736.349278 sending message 112 to peer 0x55cc6f78da70 (13 bytes)
1765908736.349282 sending message 112 to peer 0x55cc6f78da70 (13 bytes)
1765908736.349286 sending message 112 to peer 0x55cc6f78da70 (8 bytes)
1765908736.349290 sending message 112 to peer 0x55cc6f78da70 (11 bytes)
1765908736.349294 sending message 112 to peer 0x55cc6f78da70 (11 bytes)
1765908736.349298 sending message 112 to peer 0x55cc6f78da70 (11 bytes)
1765908736.349302 sending message 112 to peer 0x55cc6f78da70 (12 bytes)
1765908736.349306 sending message 112 to peer 0x55cc6f78da70 (12 bytes)
1765908736.349310 sending message 112 to peer 0x55cc6f78da70 (12 bytes)
1765908736.349314 sending message 112 to peer 0x55cc6f78da70 (12 bytes)
1765908736.349318 sending message 112 to peer 0x55cc6f78da70 (13 bytes)
1765908736.349321 sending message 112 to peer 0x55cc6f78da70 (13 bytes)
1765908736.349325 sending message 112 to peer 0x55cc6f78da70 (13 bytes)
1765908736.349329 sending message 112 to peer 0x55cc6f78da70 (8 bytes)
1765908736.349333 sending message 112 to peer 0x55cc6f78da70 (13 bytes)
1765908736.349337 sending message 112 to peer 0x55cc6f78da70 (13 bytes)
1765908736.349341 sending message 112 to peer 0x55cc6f78da70 (13 bytes)
1765908736.349345 sending message 112 to peer 0x55cc6f78da70 (13 bytes)
1765908736.349349 sending message 112 to peer 0x55cc6f78da70 (13 bytes)
1765908736.349353 sending message 112 to peer 0x55cc6f78da70 (12 bytes)
1765908736.349357 sending message 112 to peer 0x55cc6f78da70 (12 bytes)
1765908736.349361 sending message 112 to peer 0x55cc6f78da70 (12 bytes)
1765908736.349364 sending message 112 to peer 0x55cc6f78da70 (12 bytes)
1765908736.349368 sending message 112 to peer 0x55cc6f78da70 (13 bytes)
1765908736.349372 sending message 112 to peer 0x55cc6f78da70 (8 bytes)
1765908736.349376 sending message 112 to peer 0x55cc6f78da70 (13 bytes)
1765908736.349380 sending message 112 to peer 0x55cc6f78da70 (13 bytes)
1765908736.349384 sending message 112 to peer 0x55cc6f78da70 (13 bytes)
1765908736.349388 sending message 112 to peer 0x55cc6f78da70 (13 bytes)
1765908736.349392 sending message 112 to peer 0x55cc6f78da70 (13 bytes)
1765908736.349396 sending message 112 to peer 0x55cc6f78da70 (13 bytes)
1765908736.349399 sending message 112 to peer 0x55cc6f78da70 (13 bytes)
1765908736.349403 sending message 112 to peer 0x55cc6f78da70 (12 bytes)
1765908736.349411 sending message 112 to peer 0x55cc6f78da70 (12 bytes)
1765908736.349415 sending message 112 to peer 0x55cc6f78da70 (12 bytes)
1765908736.349419 sending message 112 to peer 0x55cc6f78da70 (8 bytes)
1765908736.349423 sending message 112 to peer 0x55cc6f78da70 (12 bytes)
1765908736.349427 sending message 112 to peer 0x55cc6f78da70 (13 bytes)
1765908736.349431 sending message 112 to peer 0x55cc6f78da70 (13 bytes)
1765908736.349435 sending message 112 to peer 0x55cc6f78da70 (13 bytes)
1765908736.349439 sending message 112 to peer 0x55cc6f78da70 (13 bytes)
1765908736.349442 sending message 112 to peer 0x55cc6f78da70 (13 bytes)
1765908736.349446 sending message 112 to peer 0x55cc6f78da70 (13 bytes)
1765908736.349450 sending message 112 to peer 0x55cc6f78da70 (13 bytes)
1765908736.349454 sending message 112 to peer 0x55cc6f78da70 (13 bytes)
1765908736.349458 sending message 112 to peer 0x55cc6f78da70 (12 bytes)
1765908736.349462 sending message 112 to peer 0x55cc6f78da70 (10 bytes)
1765908736.349465 sending message 112 to peer 0x55cc6f78da70 (12 bytes)
1765908736.349469 sending message 112 to peer 0x55cc6f78da70 (12 bytes)
1765908736.349473 sending message 112 to peer 0x55cc6f78da70 (12 bytes)
1765908736.349477 sending message 112 to peer 0x55cc6f78da70 (13 bytes)
1765908736.349481 sending message 112 to peer 0x55cc6f78da70 (13 bytes)
1765908736.349485 sending message 112 to peer 0x55cc6f78da70 (13 bytes)
1765908736.349489 sending message 112 to peer 0x55cc6f78da70 (13 bytes)
1765908736.349492 sending message 112 to peer 0x55cc6f78da70 (13 bytes)
1765908736.349496 sending message 112 to peer 0x55cc6f78da70 (13 bytes)
1765908736.349500 sending message 112 to peer 0x55cc6f78da70 (13 bytes)
1765908736.349504 sending message 112 to peer 0x55cc6f78da70 (10 bytes)
1765908736.349508 sending message 112 to peer 0x55cc6f78da70 (13 bytes)
1765908736.349511 sending message 112 to peer 0x55cc6f78da70 (12 bytes)
1765908736.349515 sending message 112 to peer 0x55cc6f78da70 (12 bytes)
1765908736.349519 sending message 112 to peer 0x55cc6f78da70 (12 bytes)
1765908736.349523 sending message 112 to peer 0x55cc6f78da70 (10 bytes)
1765908736.349527 sending message 112 to peer 0x55cc6f78da70 (10 bytes)
1765908736.349531 sending message 112 to peer 0x55cc6f78da70 (10 bytes)
1765908736.349534 sending message 112 to peer 0x55cc6f78da70 (12 bytes)
1765908736.349538 sending message 112 to peer 0x55cc6f78da70 (13 bytes)
1765908736.349542 sending message 112 to peer 0x55cc6f78da70 (13 bytes)
1765908736.349546 sending message 112 to peer 0x55cc6f78da70 (13 bytes)
1765908736.349550 sending message 112 to peer 0x55cc6f78da70 (13 bytes)
1765908736.349554 sending message 112 to peer 0x55cc6f78da70 (13 bytes)
1765908736.349557 sending message 112 to peer 0x55cc6f78da70 (10 bytes)
1765908736.349561 sending message 112 to peer 0x55cc6f78da70 (11 bytes)
1765908736.349565 sending message 112 to peer 0x55cc6f78da70 (12 bytes)
1765908736.349569 sending message 112 to peer 0x55cc6f78da70 (12 bytes)
1765908736.349573 sending message 112 to peer 0x55cc6f78da70 (12 bytes)
1765908736.349577 sending message 112 to peer 0x55cc6f78da70 (12 bytes)
1765908736.349581 sending message 112 to peer 0x55cc6f78da70 (12 bytes)
1765908736.349584 sending message 112 to peer 0x55cc6f78da70 (11 bytes)
1765908736.349588 sending message 112 to peer 0x55cc6f78da70 (12 bytes)
1765908736.349592 sending message 112 to peer 0x55cc6f78da70 (12 bytes)
1765908736.349596 sending message 112 to peer 0x55cc6f78da70 (13 bytes)
1765908736.349600 sending message 112 to peer 0x55cc6f78da70 (13 bytes)
1765908736.349604 sending message 112 to peer 0x55cc6f78da70 (13 bytes)
1765908736.349607 sending message 112 to peer 0x55cc6f78da70 (13 bytes)
1765908736.349611 sending message 112 to peer 0x55cc6f78da70 (13 bytes)
1765908736.349615 sending message 112 to peer 0x55cc6f78da70 (10 bytes)
1765908736.349619 sending message 112 to peer 0x55cc6f78da70 (9 bytes)
1765908736.349623 sending message 112 to peer 0x55cc6f78da70 (12 bytes)
1765908736.349627 sending message 112 to peer 0x55cc6f78da70 (13 bytes)
1765908736.349634 sending message 112 to peer 0x55cc6f78da70 (13 bytes)
1765908736.349638 sending message 112 to peer 0x55cc6f78da70 (13 bytes)
1765908736.349641 sending message 112 to peer 0x55cc6f78da70 (13 bytes)
1765908736.349645 sending message 112 to peer 0x55cc6f78da70 (13 bytes)
1765908736.349649 sending message 112 to peer 0x55cc6f78da70 (9 bytes)
1765908736.349653 sending message 112 to peer 0x55cc6f78da70 (12 bytes)
1765908736.349657 sending message 112 to peer 0x55cc6f78da70 (13 bytes)
1765908736.349661 sending message 112 to peer 0x55cc6f78da70 (13 bytes)
1765908736.349665 sending message 112 to peer 0x55cc6f78da70 (13 bytes)
1765908736.349669 sending message 112 to peer 0x55cc6f78da70 (13 bytes)
1765908736.349673 sending message 112 to peer 0x55cc6f78da70 (13 bytes)
1765908736.349676 sending message 112 to peer 0x55cc6f78da70 (11 bytes)
1765908736.349680 sending message 112 to peer 0x55cc6f78da70 (12 bytes)
1765908736.349684 sending message 112 to peer 0x55cc6f78da70 (13 bytes)
1765908736.349688 sending message 112 to peer 0x55cc6f78da70 (13 bytes)
1765908736.349692 sending message 112 to peer 0x55cc6f78da70 (13 bytes)
1765908736.349696 sending message 112 to peer 0x55cc6f78da70 (13 bytes)
1765908736.349699 sending message 112 to peer 0x55cc6f78da70 (13 bytes)
1765908736.349703 sending message 112 to peer 0x55cc6f78da70 (11 bytes)
1765908736.349707 sending message 112 to peer 0x55cc6f78da70 (12 bytes)
1765908736.349711 sending message 112 to peer 0x55cc6f78da70 (12 bytes)
1765908736.349715 sending message 112 to peer 0x55cc6f78da70 (12 bytes)
1765908736.349719 sending message 112 to peer 0x55cc6f78da70 (12 bytes)
1765908736.349723 sending message 112 to peer 0x55cc6f78da70 (12 bytes)
1765908736.349726 sending message 112 to peer 0x55cc6f78da70 (21 bytes)
1765908736.349730 sending message 112 to peer 0x55cc6f78da70 (12 bytes)
1765908736.349734 sending message 112 to peer 0x55cc6f78da70 (9 bytes)
1765908736.349738 sending message 112 to peer 0x55cc6f78da70 (6 bytes)
1765908736.349742 sending message 112 to peer 0x55cc6f78da70 (13 bytes)
1765908736.349746 sending message 112 to peer 0x55cc6f78da70 (10 bytes)
1765908736.349750 sending message 112 to peer 0x55cc6f78da70 (24 bytes)
1765908736.349754 sending message 112 to peer 0x55cc6f78da70 (13 bytes)
1765908736.349758 sending message 112 to peer 0x55cc6f78da70 (9 bytes)
1765908736.349762 sending message 112 to peer 0x55cc6f78da70 (70 bytes)
1765908736.349766 sending message 112 to peer 0x55cc6f78da70 (69 bytes)
1765908736.349770 sending message 112 to peer 0x55cc6f78da70 (12 bytes)
1765908736.349773 sending message 112 to peer 0x55cc6f78da70 (10 bytes)
1765908736.349777 sending message 112 to peer 0x55cc6f78da70 (10 bytes)
1765908736.349781 sending message 112 to peer 0x55cc6f78da70 (24 bytes)
1765908736.349785 sending message 112 to peer 0x55cc6f78da70 (13 bytes)
1765908736.349789 sending message 112 to peer 0x55cc6f78da70 (10 bytes)
1765908736.349793 sending message 112 to peer 0x55cc6f78da70 (10 bytes)
1765908736.349797 sending message 112 to peer 0x55cc6f78da70 (17 bytes)
1765908736.349801 sending message 112 to peer 0x55cc6f78da70 (10 bytes)
1765908736.349804 sending message 112 to peer 0x55cc6f78da70 (13 bytes)
1765908736.349808 sending message 112 to peer 0x55cc6f78da70 (9 bytes)
1765908736.349812 sending message 112 to peer 0x55cc6f78da70 (15 bytes)
1765908736.349816 sending message 112 to peer 0x55cc6f78da70 (5 bytes)
1765908736.349822 sending message 104 to peer 0x55cc6f78da70 (0 bytes)
1765908736.349827 sending message 110 to peer 0x55cc6f78da70 (0 bytes)
1765908736.349833 sending message 107 to peer 0x55cc6f78da70 (4 bytes)
1765908736.349837 sending message 105 to peer 0x55cc6f78da70 (28 bytes)
1765908736.349841 sending message 105 to peer 0x55cc6f78da70 (23 bytes)
1765908736.349845 sending message 105 to peer 0x55cc6f78da70 (16 bytes)
1765908736.349849 sending message 105 to peer 0x55cc6f78da70 (30 bytes)
1765908736.349853 sending message 105 to peer 0x55cc6f78da70 (24 bytes)
1765908736.349857 sending message 105 to peer 0x55cc6f78da70 (14 bytes)
1765908736.349864 sending message 105 to peer 0x55cc6f78da70 (11 bytes)
1765908736.349868 sending message 105 to peer 0x55cc6f78da70 (20 bytes)
1765908736.349872 sending message 105 to peer 0x55cc6f78da70 (29 bytes)
1765908736.349876 sending message 105 to peer 0x55cc6f78da70 (25 bytes)
1765908736.349880 sending message 105 to peer 0x55cc6f78da70 (20 bytes)
1765908736.349884 sending message 105 to peer 0x55cc6f78da70 (23 bytes)
1765908736.349888 sending message 105 to peer 0x55cc6f78da70 (12 bytes)
1765908736.349891 sending message 105 to peer 0x55cc6f78da70 (22 bytes)
1765908736.349895 sending message 105 to peer 0x55cc6f78da70 (22 bytes)
1765908736.349899 sending message 105 to peer 0x55cc6f78da70 (22 bytes)
1765908736.349903 sending message 105 to peer 0x55cc6f78da70 (86 bytes)
1765908736.349907 sending message 105 to peer 0x55cc6f78da70 (11 bytes)
1765908736.349911 sending message 105 to peer 0x55cc6f78da70 (38 bytes)
1765908736.349915 sending message 105 to peer 0x55cc6f78da70 (15 bytes)
1765908736.349919 sending message 105 to peer 0x55cc6f78da70 (11 bytes)
1765908736.349923 sending message 105 to peer 0x55cc6f78da70 (24 bytes)
1765908736.349927 sending message 105 to peer 0x55cc6f78da70 (58 bytes)
1765908736.349931 sending message 105 to peer 0x55cc6f78da70 (296 bytes)
1765908736.349935 sending message 105 to peer 0x55cc6f78da70 (27 bytes)
1765908736.349939 sending message 105 to peer 0x55cc6f78da70 (26 bytes)
1765908736.349943 sending message 105 to peer 0x55cc6f78da70 (86 bytes)
1765908736.349947 sending message 105 to peer 0x55cc6f78da70 (24 bytes)
1765908736.349951 sending message 105 to peer 0x55cc6f78da70 (30 bytes)
1765908736.349955 sending message 105 to peer 0x55cc6f78da70 (15 bytes)
1765908736.349959 sending message 105 to peer 0x55cc6f78da70 (52 bytes)
1765908736.349963 sending message 105 to peer 0x55cc6f78da70 (39 bytes)
1765908736.349967 sending message 105 to peer 0x55cc6f78da70 (25 bytes)
1765908736.349971 sending message 105 to peer 0x55cc6f78da70 (24 bytes)
1765908736.349975 sending message 105 to peer 0x55cc6f78da70 (24 bytes)
1765908736.349979 sending message 105 to peer 0x55cc6f78da70 (51 bytes)
1765908736.349983 sending message 105 to peer 0x55cc6f78da70 (21 bytes)
1765908736.349987 sending message 105 to peer 0x55cc6f78da70 (43 bytes)
1765908736.349991 sending message 105 to peer 0x55cc6f78da70 (28 bytes)
1765908736.349994 sending message 105 to peer 0x55cc6f78da70 (23 bytes)
1765908736.349999 sending message 105 to peer 0x55cc6f78da70 (120 bytes)
1765908736.350003 sending message 105 to peer 0x55cc6f78da70 (8 bytes)
1765908736.350007 sending message 105 to peer 0x55cc6f78da70 (17 bytes)
1765908736.350011 sending message 105 to peer 0x55cc6f78da70 (23 bytes)
1765908736.350015 sending message 105 to peer 0x55cc6f78da70 (27 bytes)
1765908736.350018 sending message 105 to peer 0x55cc6f78da70 (17 bytes)
1765908736.350022 sending message 105 to peer 0x55cc6f78da70 (73 bytes)
1765908736.350026 sending message 105 to peer 0x55cc6f78da70 (20 bytes)
1765908736.350030 sending message 105 to peer 0x55cc6f78da70 (63 bytes)
1765908736.350034 sending message 105 to peer 0x55cc6f78da70 (16 bytes)
1765908736.350038 sending message 105 to peer 0x55cc6f78da70 (23 bytes)
1765908736.350042 sending message 105 to peer 0x55cc6f78da70 (35 bytes)
1765908736.350046 sending message 105 to peer 0x55cc6f78da70 (31 bytes)
1765908736.350050 sending message 105 to peer 0x55cc6f78da70 (50 bytes)
1765908736.350054 sending message 105 to peer 0x55cc6f78da70 (47 bytes)
1765908736.350058 sending message 105 to peer 0x55cc6f78da70 (15 bytes)
1765908736.350062 sending message 105 to peer 0x55cc6f78da70 (17 bytes)
1765908736.350066 sending message 105 to peer 0x55cc6f78da70 (20 bytes)
1765908736.350070 sending message 105 to peer 0x55cc6f78da70 (22 bytes)
1765908736.350074 sending message 105 to peer 0x55cc6f78da70 (23 bytes)
1765908736.350078 sending message 105 to peer 0x55cc6f78da70 (50 bytes)
1765908736.350081 sending message 105 to peer 0x55cc6f78da70 (57 bytes)
1765908736.350086 sending message 105 to peer 0x55cc6f78da70 (139 bytes)
1765908736.350093 sending message 105 to peer 0x55cc6f78da70 (54 bytes)
1765908736.350097 sending message 105 to peer 0x55cc6f78da70 (20 bytes)
1765908736.350101 sending message 105 to peer 0x55cc6f78da70 (39 bytes)
1765908736.350105 sending message 105 to peer 0x55cc6f78da70 (21 bytes)
1765908736.350109 sending message 105 to peer 0x55cc6f78da70 (20 bytes)
1765908736.350113 sending message 106 to peer 0x55cc6f78da70 (0 bytes)
1765908736.350218 sending message 200 to peer 0x55cc6f78da70 (4 bytes)
1765908736.350225 client loop enter
1765908736.350246 client_signal: Child exited
1765908736.501674 peer 0x55cc6f78da70 message 207
1765908736.501683 sending message 208 to peer 0x55cc6f78da70 (0 bytes)
1765908747.592079 peer 0x55cc6f78da70 message 203
1765908747.592103 sending message 205 to peer 0x55cc6f78da70 (0 bytes)
1765908747.592524 peer 0x55cc6f78da70 message 204
1765908747.592542 client loop exit
